PROGRAMA
VARIAVEL
VARIAVEL
VARIAVEL
INICIO
COMENTARIO
TIPO_INTEIRO
ALFABETO
VIRGULA
ALFABETO
VIRGULA
ALFABETO
VIRGULA
ALFABETO
TIPO_LISTA_INT
ALFABETO
ABRE_COLCHETE
CONSTANTE_INTEIRA
FECHA_COLCHETE
COMENTARIO
COMENTARIO
ESCREVA
CADEIA
LEIA
ALFABETO
ALFABETO
ATRIBUICAO
DIGITO
ALFABETO
ATRIBUICAO
DIGITO
ENQUANTO
ALFABETO
MAIOR
ALFABETO
LEIA
ALFABETO
ABRE_COLCHETE
ALFABETO
FECHA_COLCHETE
ALFABETO
ATRIBUICAO
ALFABETO
ADICAO
ALFABETO
ABRE_COLCHETE
ALFABETO
FECHA_COLCHETE
ALFABETO
ATRIBUICAO
ALFABETO
ADICAO
DIGITO
FIM_ENQUANTO
COMENTARIO
ESCREVA
CADEIA
ALFABETO
ATRIBUICAO
DIGITO
ENQUANTO
ALFABETO
MAIOR
ALFABETO
ESCREVA
ALFABETO
ABRE_COLCHETE
ALFABETO
FECHA_COLCHETE
VIRGULA
CADEIA
ALFABETO
ATRIBUICAO
ALFABETO
ADICAO
DIGITO
FIM
SUBTRACAO
ENQUANTO
ESCREVA
CADEIA
VIRGULA
ALFABETO
FIM
